# JRE version: Java(TM) SE Runtime Environment (8.0_191-b12) (build 1.8.0_191-b12)
# Java VM: Java HotSpot(TM) Client VM (25.191-b12 mixed mode windows-x86 )
Heap:
 def new generation   total 70592K, used 40556K [0x04e00000, 0x09a90000, 0x0f8a0000)
  eden space 62784K,  61% used [0x04e00000, 0x073f2790, 0x08b50000)
  from space 7808K,  21% used [0x08b50000, 0x08cf8b40, 0x092f0000)
  to   space 7808K,   0% used [0x092f0000, 0x092f0000, 0x09a90000)
 tenured generation   total 156624K, used 124868K [0x0f8a0000, 0x19194000, 0x24e00000)
   the space 156624K,  79% used [0x0f8a0000, 0x17291078, 0x17291200, 0x19194000)
 Metaspace       used 25481K, capacity 26048K, committed 26112K, reserved 27008K
GC Heap History (10 events):
Event: 5228.923 GC heap before
{Heap before GC invocations=47 (full 4):
 def new generation   total 70592K, used 66967K [0x04e00000, 0x09a90000, 0x0f8a0000)
  eden space 62784K, 100% used [0x04e00000, 0x08b50000, 0x08b50000)
  from space 7808K,  53% used [0x092f0000, 0x09705da0, 0x09a90000)
  to   space 7808K,   0% used [0x08b50000, 0x08b50000, 0x092f0000)
 tenured generation   total 156624K, used 122711K [0x0f8a0000, 0x19194000, 0x24e00000)
   the space 156624K,  78% used [0x0f8a0000, 0x17075dc8, 0x17075e00, 0x19194000)
 Metaspace       used 25479K, capacity 26045K, committed 26112K, reserved 27008K
Event: 5228.965 GC heap after
Heap after GC invocations=48 (full 4):
 def new generation   total 70592K, used 1675K [0x04e00000, 0x09a90000, 0x0f8a0000)
  eden space 62784K,   0% used [0x04e00000, 0x04e00000, 0x08b50000)
  from space 7808K,  21% used [0x08b50000, 0x08cf2e78, 0x092f0000)
  to   space 7808K,   0% used [0x092f0000, 0x092f0000, 0x09a90000)
 tenured generation   total 156624K, used 124868K [0x0f8a0000, 0x19194000, 0x24e00000)
   the space 156624K,  79% used [0x0f8a0000, 0x17291078, 0x17291200, 0x19194000)
 Metaspace       used 25479K, capacity 26045K, committed 26112K, reserved 27008K
}
Event: 5429.316 GC heap before
{Heap before GC invocations=48 (full 4):
 def new generation   total 70592K, used 64459K [0x04e00000, 0x09a90000, 0x0f8a0000)
  eden space 62784K, 100% used [0x04e00000, 0x08b50000, 0x08b50000)
  from space 7808K,  21% used [0x08b50000, 0x08cf2e78, 0x092f0000)
  to   space 7808K,   0% used [0x092f0000, 0x092f0000, 0x09a90000)
 tenured generation   total 156624K, used 124868K [0x0f8a0000, 0x19194000, 0x24e00000)
   the space 156624K,  79% used [0x0f8a0000, 0x17291078, 0x17291200, 0x19194000)
 Metaspace       used 25479K, capacity 26045K, committed 26112K, reserved 27008K
Event: 5429.348 GC heap after
Heap after GC invocations=49 (full 4):
 def new generation   total 70592K, used 1676K [0x04e00000, 0x09a90000, 0x0f8a0000)
  eden space 62784K,   0% used [0x04e00000, 0x04e00000, 0x08b50000)
  from space 7808K,  21% used [0x092f0000, 0x09493060, 0x09a90000)
  to   space 7808K,   0% used [0x08b50000, 0x08b50000, 0x092f0000)
 tenured generation   total 156624K, used 124868K [0x0f8a0000, 0x19194000, 0x24e00000)
   the space 156624K,  79% used [0x0f8a0000, 0x17291078, 0x17291200, 0x19194000)
 Metaspace       used 25479K, capacity 26045K, committed 26112K, reserved 27008K
}
Event: 5652.101 GC heap before
{Heap before GC invocations=49 (full 4):
 def new generation   total 70592K, used 64460K [0x04e00000, 0x09a90000, 0x0f8a0000)
  eden space 62784K, 100% used [0x04e00000, 0x08b50000, 0x08b50000)
  from space 7808K,  21% used [0x092f0000, 0x09493060, 0x09a90000)
  to   space 7808K,   0% used [0x08b50000, 0x08b50000, 0x092f0000)
 tenured generation   total 156624K, used 124868K [0x0f8a0000, 0x19194000, 0x24e00000)
   the space 156624K,  79% used [0x0f8a0000, 0x17291078, 0x17291200, 0x19194000)
 Metaspace       used 25479K, capacity 26045K, committed 26112K, reserved 27008K
Event: 5652.107 GC heap after
Heap after GC invocations=50 (full 4):
 def new generation   total 70592K, used 1684K [0x04e00000, 0x09a90000, 0x0f8a0000)
  eden space 62784K,   0% used [0x04e00000, 0x04e00000, 0x08b50000)
  from space 7808K,  21% used [0x08b50000, 0x08cf5000, 0x092f0000)
  to   space 7808K,   0% used [0x092f0000, 0x092f0000, 0x09a90000)
 tenured generation   total 156624K, used 124868K [0x0f8a0000, 0x19194000, 0x24e00000)
   the space 156624K,  79% used [0x0f8a0000, 0x17291078, 0x17291200, 0x19194000)
 Metaspace       used 25479K, capacity 26045K, committed 26112K, reserved 27008K
}
Event: 5862.243 GC heap before
{Heap before GC invocations=50 (full 4):
 def new generation   total 70592K, used 64468K [0x04e00000, 0x09a90000, 0x0f8a0000)
  eden space 62784K, 100% used [0x04e00000, 0x08b50000, 0x08b50000)
  from space 7808K,  21% used [0x08b50000, 0x08cf5000, 0x092f0000)
  to   space 7808K,   0% used [0x092f0000, 0x092f0000, 0x09a90000)
 tenured generation   total 156624K, used 124868K [0x0f8a0000, 0x19194000, 0x24e00000)
   the space 156624K,  79% used [0x0f8a0000, 0x17291078, 0x17291200, 0x19194000)
 Metaspace       used 25481K, capacity 26048K, committed 26112K, reserved 27008K
Event: 5862.251 GC heap after
Heap after GC invocations=51 (full 4):
 def new generation   total 70592K, used 1699K [0x04e00000, 0x09a90000, 0x0f8a0000)
  eden space 62784K,   0% used [0x04e00000, 0x04e00000, 0x08b50000)
  from space 7808K,  21% used [0x092f0000, 0x09498c38, 0x09a90000)
  to   space 7808K,   0% used [0x08b50000, 0x08b50000, 0x092f0000)
 tenured generation   total 156624K, used 124868K [0x0f8a0000, 0x19194000, 0x24e00000)
   the space 156624K,  79% used [0x0f8a0000, 0x17291078, 0x17291200, 0x19194000)
 Metaspace       used 25481K, capacity 26048K, committed 26112K, reserved 27008K
}
Event: 6057.364 GC heap before
{Heap before GC invocations=51 (full 4):
 def new generation   total 70592K, used 64483K [0x04e00000, 0x09a90000, 0x0f8a0000)
  eden space 62784K, 100% used [0x04e00000, 0x08b50000, 0x08b50000)
  from space 7808K,  21% used [0x092f0000, 0x09498c38, 0x09a90000)
  to   space 7808K,   0% used [0x08b50000, 0x08b50000, 0x092f0000)
 tenured generation   total 156624K, used 124868K [0x0f8a0000, 0x19194000, 0x24e00000)
   the space 156624K,  79% used [0x0f8a0000, 0x17291078, 0x17291200, 0x19194000)
 Metaspace       used 25481K, capacity 26048K, committed 26112K, reserved 27008K
Event: 6057.368 GC heap after
Heap after GC invocations=52 (full 4):
 def new generation   total 70592K, used 1698K [0x04e00000, 0x09a90000, 0x0f8a0000)
  eden space 62784K,   0% used [0x04e00000, 0x04e00000, 0x08b50000)
  from space 7808K,  21% used [0x08b50000, 0x08cf8b40, 0x092f0000)
  to   space 7808K,   0% used [0x092f0000, 0x092f0000, 0x09a90000)
 tenured generation   total 156624K, used 124868K [0x0f8a0000, 0x19194000, 0x24e00000)
   the space 156624K,  79% used [0x0f8a0000, 0x17291078, 0x17291200, 0x19194000)
 Metaspace       used 25481K, capacity 26048K, committed 26112K, reserved 27008K
}

